<?xml version="1.0" encoding="UTF-8"?>
<testsuite name="CompanyTest" skipped="0" failures="0" errors="0" tests="2" assertions="2" time="4.478101618587971e-05">
  <testcase name="test_dept_name" classname="CompanyTest" assertions="1" time="2.8878013836219907e-05">
  </testcase>
  <testcase name="test_departments_can_have_employees" classname="CompanyTest" assertions="1" time="1.59030023496598e-05">
  </testcase>
</testsuite>
